<?xml version="1.0" encoding="UTF-8"?>
<!-- Generated by org.testng.reporters.JUnitXMLReporter -->
<testsuite ignored="0" hostname="QT-INBG-LT0163" failures="0" tests="4" name="Default test" time="5.21" errors="0" timestamp="2021-04-08T12:46:25 IST">
  <testcase classname="twitter.getTrends" name="API_test" time="3.44"/>
  <testcase classname="twitter.getTrends" name="API_test" time="0.573"/>
  <testcase classname="twitter.getTrends" name="API_test" time="0.555"/>
  <testcase classname="twitter.getTrends" name="API_test" time="0.565"/>
</testsuite> <!-- Default test -->
