<?xml version="1.0" encoding="UTF-8"?>
<testng-results ignored="0" total="4" passed="4" failed="0" skipped="0">
  <reporter-output>
  </reporter-output>
  <suite started-at="2021-04-08T12:46:19 IST" name="Default suite" finished-at="2021-04-08T12:46:25 IST" duration-ms="5210">
    <groups>
    </groups>
    <test started-at="2021-04-08T12:46:19 IST" name="Default test" finished-at="2021-04-08T12:46:25 IST" duration-ms="5210">
      <class name="twitter.getTrends">
        <test-method signature="API_test(java.lang.String)[pri:0, instance:twitter.getTrends@4a335fa8]" started-at="2021-04-08T12:46:20 IST" name="API_test" data-provider="getData" finished-at="2021-04-08T12:46:23 IST" duration-ms="3440" status="PASS">
          <params>
            <param index="0">
              <value>
                <![CDATA[23424848]]>
              </value>
            </param>
          </params>
          <reporter-output>
          </reporter-output>
        </test-method> <!-- API_test -->
        <test-method signature="API_test(java.lang.String)[pri:0, instance:twitter.getTrends@4a335fa8]" started-at="2021-04-08T12:46:23 IST" name="API_test" data-provider="getData" finished-at="2021-04-08T12:46:24 IST" duration-ms="573" status="PASS">
          <params>
            <param index="0">
              <value>
                <![CDATA[23424977]]>
              </value>
            </param>
          </params>
          <reporter-output>
          </reporter-output>
        </test-method> <!-- API_test -->
        <test-method signature="API_test(java.lang.String)[pri:0, instance:twitter.getTrends@4a335fa8]" started-at="2021-04-08T12:46:24 IST" name="API_test" data-provider="getData" finished-at="2021-04-08T12:46:24 IST" duration-ms="555" status="PASS">
          <params>
            <param index="0">
              <value>
                <![CDATA[23424975]]>
              </value>
            </param>
          </params>
          <reporter-output>
          </reporter-output>
        </test-method> <!-- API_test -->
        <test-method signature="API_test(java.lang.String)[pri:0, instance:twitter.getTrends@4a335fa8]" started-at="2021-04-08T12:46:24 IST" name="API_test" data-provider="getData" finished-at="2021-04-08T12:46:25 IST" duration-ms="565" status="PASS">
          <params>
            <param index="0">
              <value>
                <![CDATA[23424852]]>
              </value>
            </param>
          </params>
          <reporter-output>
          </reporter-output>
        </test-method> <!-- API_test -->
        <test-method is-config="true" signature="print()[pri:0, instance:twitter.getTrends@4a335fa8]" started-at="2021-04-08T12:46:25 IST" name="print" finished-at="2021-04-08T12:46:25 IST" duration-ms="15" status="PASS">
          <reporter-output>
          </reporter-output>
        </test-method> <!-- print -->
      </class> <!-- twitter.getTrends -->
    </test> <!-- Default test -->
  </suite> <!-- Default suite -->
</testng-results>
